<?xml version="1.0" encoding="UTF-8"?>
<!-- Generated by org.testng.reporters.JUnitXMLReporter -->
<testsuite hostname="Pawan" ignored="0" name="zerodha test cases" tests="5" failures="0" timestamp="2021-06-21T11:54:18 IST" time="42.947" errors="0">
  <testcase name="check_page_login_corretely" time="0.85" classname="testscripts.loginpagetest"/>
  <testcase name="check_page_logo" time="0.23" classname="testscripts.loginpagetest"/>
  <testcase name="check_page_tittle" time="0.029" classname="testscripts.loginpagetest"/>
  <testcase name="check_orders" time="2.668" classname="testscripts.homepagetest"/>
  <testcase name="check_view_stmt_link" time="2.439" classname="testscripts.homepagetest"/>
</testsuite> <!-- zerodha test cases -->
